{"/Users/tekz/Desktop/Project%20TeaTime/ArrayList.js":{"path":"/Users/tekz/Desktop/Project%20TeaTime/ArrayList.js","s":{"1":5,"2":6,"3":5,"4":4,"5":5,"6":2,"7":1,"8":2,"9":2,"10":2,"11":2,"12":2,"13":1},"b":{"1":[4,1],"2":[2,0]},"f":{"1":5,"2":6,"3":5,"4":2,"5":1,"6":2},"fnMap":{"1":{"name":"(anonymous_1)","line":2,"loc":{"start":{"line":2,"column":15},"end":{"line":2,"column":17}}},"2":{"name":"(anonymous_2)","line":5,"loc":{"start":{"line":5,"column":7},"end":{"line":5,"column":13}}},"3":{"name":"(anonymous_3)","line":8,"loc":{"start":{"line":8,"column":10},"end":{"line":8,"column":15}}},"4":{"name":"(anonymous_4)","line":14,"loc":{"start":{"line":14,"column":10},"end":{"line":14,"column":16}}},"5":{"name":"(anonymous_5)","line":17,"loc":{"start":{"line":17,"column":8},"end":{"line":17,"column":11}}},"6":{"name":"(anonymous_6)","line":20,"loc":{"start":{"line":20,"column":8},"end":{"line":20,"column":11}}}},"statementMap":{"1":{"start":{"line":3,"column":6},"end":{"line":3,"column":27}},"2":{"start":{"line":6,"column":6},"end":{"line":6,"column":26}},"3":{"start":{"line":9,"column":6},"end":{"line":11,"column":7}},"4":{"start":{"line":10,"column":8},"end":{"line":10,"column":27}},"5":{"start":{"line":12,"column":8},"end":{"line":12,"column":34}},"6":{"start":{"line":15,"column":6},"end":{"line":15,"column":28}},"7":{"start":{"line":18,"column":6},"end":{"line":18,"column":30}},"8":{"start":{"line":21,"column":6},"end":{"line":21,"column":22}},"9":{"start":{"line":22,"column":6},"end":{"line":26,"column":7}},"10":{"start":{"line":23,"column":8},"end":{"line":25,"column":9}},"11":{"start":{"line":24,"column":10},"end":{"line":24,"column":32}},"12":{"start":{"line":27,"column":6},"end":{"line":27,"column":21}},"13":{"start":{"line":31,"column":2},"end":{"line":31,"column":26}}},"branchMap":{"1":{"line":9,"type":"if","locations":[{"start":{"line":9,"column":6},"end":{"line":9,"column":6}},{"start":{"line":9,"column":6},"end":{"line":9,"column":6}}]},"2":{"line":23,"type":"if","locations":[{"start":{"line":23,"column":8},"end":{"line":23,"column":8}},{"start":{"line":23,"column":8},"end":{"line":23,"column":8}}]}}}}