TN:
SF:/Users/tekz/Desktop/Project%20TeaTime/ArrayList.js
FN:2,(anonymous_1)
FN:5,(anonymous_2)
FN:8,(anonymous_3)
FN:14,(anonymous_4)
FN:17,(anonymous_5)
FN:20,(anonymous_6)
FNF:6
FNH:6
FNDA:5,(anonymous_1)
FNDA:6,(anonymous_2)
FNDA:5,(anonymous_3)
FNDA:2,(anonymous_4)
FNDA:1,(anonymous_5)
FNDA:2,(anonymous_6)
DA:3,5
DA:6,6
DA:9,5
DA:10,4
DA:12,5
DA:15,2
DA:18,1
DA:21,2
DA:22,2
DA:23,2
DA:24,2
DA:27,2
DA:31,1
LF:13
LH:13
BRDA:9,1,0,4
BRDA:9,1,1,1
BRDA:23,2,0,2
BRDA:23,2,1,0
BRF:4
BRH:3
end_of_record
